# JRE version: Java(TM) SE Runtime Environment (8.0_111-b14) (build 1.8.0_111-b14)
# Java VM: Java HotSpot(TM) 64-Bit Server VM (25.111-b14 mixed mode windows-amd64 compressed oops)
Heap:
 PSYoungGen      total 38400K, used 23197K [0x00000000d5d80000, 0x00000000d9800000, 0x0000000100000000)
  eden space 28672K, 74% used [0x00000000d5d80000,0x00000000d726f680,0x00000000d7980000)
  from space 9728K, 18% used [0x00000000d8700000,0x00000000d88b8010,0x00000000d9080000)
  to   space 13824K, 0% used [0x00000000d7980000,0x00000000d7980000,0x00000000d8700000)
 ParOldGen       total 73728K, used 22798K [0x0000000081800000, 0x0000000086000000, 0x00000000d5d80000)
  object space 73728K, 30% used [0x0000000081800000,0x0000000082e43968,0x0000000086000000)
 Metaspace       used 22649K, capacity 22998K, committed 23216K, reserved 1069056K
  class space    used 2617K, capacity 2767K, committed 2816K, reserved 1048576K
GC Heap History (10 events):
Event: 13.405 GC heap before
{Heap before GC invocations=5 (full 0):
 PSYoungGen      total 38400K, used 38384K [0x00000000d5d80000, 0x00000000d8800000, 0x0000000100000000)
  eden space 33280K, 100% used [0x00000000d5d80000,0x00000000d7e00000,0x00000000d7e00000)
  from space 5120K, 99% used [0x00000000d8300000,0x00000000d87fc030,0x00000000d8800000)
  to   space 5120K, 0% used [0x00000000d7e00000,0x00000000d7e00000,0x00000000d8300000)
 ParOldGen       total 87552K, used 7062K [0x0000000081800000, 0x0000000086d80000, 0x00000000d5d80000)
  object space 87552K, 8% used [0x0000000081800000,0x0000000081ee5a00,0x0000000086d80000)
 Metaspace       used 17966K, capacity 18294K, committed 18560K, reserved 1064960K
  class space    used 2192K, capacity 2351K, committed 2432K, reserved 1048576K
Event: 13.414 GC heap after
Heap after GC invocations=5 (full 0):
 PSYoungGen      total 37888K, used 5103K [0x00000000d5d80000, 0x00000000d9080000, 0x0000000100000000)
  eden space 32768K, 0% used [0x00000000d5d80000,0x00000000d5d80000,0x00000000d7d80000)
  from space 5120K, 99% used [0x00000000d7e00000,0x00000000d82fbc40,0x00000000d8300000)
  to   space 9728K, 0% used [0x00000000d8700000,0x00000000d8700000,0x00000000d9080000)
 ParOldGen       total 87552K, used 9569K [0x0000000081800000, 0x0000000086d80000, 0x00000000d5d80000)
  object space 87552K, 10% used [0x0000000081800000,0x0000000082158730,0x0000000086d80000)
 Metaspace       used 17966K, capacity 18294K, committed 18560K, reserved 1064960K
  class space    used 2192K, capacity 2351K, committed 2432K, reserved 1048576K
}
Event: 15.934 GC heap before
{Heap before GC invocations=6 (full 0):
 PSYoungGen      total 37888K, used 37689K [0x00000000d5d80000, 0x00000000d9080000, 0x0000000100000000)
  eden space 32768K, 99% used [0x00000000d5d80000,0x00000000d7d52b30,0x00000000d7d80000)
  from space 5120K, 99% used [0x00000000d7e00000,0x00000000d82fbc40,0x00000000d8300000)
  to   space 9728K, 0% used [0x00000000d8700000,0x00000000d8700000,0x00000000d9080000)
 ParOldGen       total 87552K, used 9569K [0x0000000081800000, 0x0000000086d80000, 0x00000000d5d80000)
  object space 87552K, 10% used [0x0000000081800000,0x0000000082158730,0x0000000086d80000)
 Metaspace       used 20159K, capacity 20502K, committed 20864K, reserved 1067008K
  class space    used 2437K, capacity 2575K, committed 2688K, reserved 1048576K
Event: 15.952 GC heap after
Heap after GC invocations=6 (full 0):
 PSYoungGen      total 38400K, used 9705K [0x00000000d5d80000, 0x00000000d9800000, 0x0000000100000000)
  eden space 28672K, 0% used [0x00000000d5d80000,0x00000000d5d80000,0x00000000d7980000)
  from space 9728K, 99% used [0x00000000d8700000,0x00000000d907a5f0,0x00000000d9080000)
  to   space 13824K, 0% used [0x00000000d7980000,0x00000000d7980000,0x00000000d8700000)
 ParOldGen       total 87552K, used 15155K [0x0000000081800000, 0x0000000086d80000, 0x00000000d5d80000)
  object space 87552K, 17% used [0x0000000081800000,0x00000000826ccc48,0x0000000086d80000)
 Metaspace       used 20159K, capacity 20502K, committed 20864K, reserved 1067008K
  class space    used 2437K, capacity 2575K, committed 2688K, reserved 1048576K
}
Event: 16.630 GC heap before
{Heap before GC invocations=7 (full 0):
 PSYoungGen      total 38400K, used 35537K [0x00000000d5d80000, 0x00000000d9800000, 0x0000000100000000)
  eden space 28672K, 90% used [0x00000000d5d80000,0x00000000d76b9f58,0x00000000d7980000)
  from space 9728K, 99% used [0x00000000d8700000,0x00000000d907a5f0,0x00000000d9080000)
  to   space 13824K, 0% used [0x00000000d7980000,0x00000000d7980000,0x00000000d8700000)
 ParOldGen       total 87552K, used 15155K [0x0000000081800000, 0x0000000086d80000, 0x00000000d5d80000)
  object space 87552K, 17% used [0x0000000081800000,0x00000000826ccc48,0x0000000086d80000)
 Metaspace       used 20769K, capacity 21110K, committed 21296K, reserved 1069056K
  class space    used 2471K, capacity 2607K, committed 2688K, reserved 1048576K
Event: 16.651 GC heap after
Heap after GC invocations=7 (full 0):
 PSYoungGen      total 42496K, used 13816K [0x00000000d5d80000, 0x00000000d9800000, 0x0000000100000000)
  eden space 28672K, 0% used [0x00000000d5d80000,0x00000000d5d80000,0x00000000d7980000)
  from space 13824K, 99% used [0x00000000d7980000,0x00000000d86fe0d0,0x00000000d8700000)
  to   space 9728K, 0% used [0x00000000d8700000,0x00000000d8700000,0x00000000d9080000)
 ParOldGen       total 87552K, used 17365K [0x0000000081800000, 0x0000000086d80000, 0x00000000d5d80000)
  object space 87552K, 19% used [0x0000000081800000,0x00000000828f54c8,0x0000000086d80000)
 Metaspace       used 20769K, capacity 21110K, committed 21296K, reserved 1069056K
  class space    used 2471K, capacity 2607K, committed 2688K, reserved 1048576K
}
Event: 16.651 GC heap before
{Heap before GC invocations=8 (full 1):
 PSYoungGen      total 42496K, used 13816K [0x00000000d5d80000, 0x00000000d9800000, 0x0000000100000000)
  eden space 28672K, 0% used [0x00000000d5d80000,0x00000000d5d80000,0x00000000d7980000)
  from space 13824K, 99% used [0x00000000d7980000,0x00000000d86fe0d0,0x00000000d8700000)
  to   space 9728K, 0% used [0x00000000d8700000,0x00000000d8700000,0x00000000d9080000)
 ParOldGen       total 87552K, used 17365K [0x0000000081800000, 0x0000000086d80000, 0x00000000d5d80000)
  object space 87552K, 19% used [0x0000000081800000,0x00000000828f54c8,0x0000000086d80000)
 Metaspace       used 20769K, capacity 21110K, committed 21296K, reserved 1069056K
  class space    used 2471K, capacity 2607K, committed 2688K, reserved 1048576K
Event: 16.756 GC heap after
Heap after GC invocations=8 (full 1):
 PSYoungGen      total 42496K, used 0K [0x00000000d5d80000, 0x00000000d9800000, 0x0000000100000000)
  eden space 28672K, 0% used [0x00000000d5d80000,0x00000000d5d80000,0x00000000d7980000)
  from space 13824K, 0% used [0x00000000d7980000,0x00000000d7980000,0x00000000d8700000)
  to   space 9728K, 0% used [0x00000000d8700000,0x00000000d8700000,0x00000000d9080000)
 ParOldGen       total 73728K, used 22790K [0x0000000081800000, 0x0000000086000000, 0x00000000d5d80000)
  object space 73728K, 30% used [0x0000000081800000,0x0000000082e41968,0x0000000086000000)
 Metaspace       used 20769K, capacity 21110K, committed 21296K, reserved 1069056K
  class space    used 2471K, capacity 2607K, committed 2688K, reserved 1048576K
}
Event: 17.738 GC heap before
{Heap before GC invocations=9 (full 1):
 PSYoungGen      total 42496K, used 28672K [0x00000000d5d80000, 0x00000000d9800000, 0x0000000100000000)
  eden space 28672K, 100% used [0x00000000d5d80000,0x00000000d7980000,0x00000000d7980000)
  from space 13824K, 0% used [0x00000000d7980000,0x00000000d7980000,0x00000000d8700000)
  to   space 9728K, 0% used [0x00000000d8700000,0x00000000d8700000,0x00000000d9080000)
 ParOldGen       total 73728K, used 22790K [0x0000000081800000, 0x0000000086000000, 0x00000000d5d80000)
  object space 73728K, 30% used [0x0000000081800000,0x0000000082e41968,0x0000000086000000)
 Metaspace       used 22246K, capacity 22582K, committed 22960K, reserved 1069056K
  class space    used 2582K, capacity 2735K, committed 2816K, reserved 1048576K
Event: 17.743 GC heap after
Heap after GC invocations=9 (full 1):
 PSYoungGen      total 38400K, used 1760K [0x00000000d5d80000, 0x00000000d9800000, 0x0000000100000000)
  eden space 28672K, 0% used [0x00000000d5d80000,0x00000000d5d80000,0x00000000d7980000)
  from space 9728K, 18% used [0x00000000d8700000,0x00000000d88b8010,0x00000000d9080000)
  to   space 13824K, 0% used [0x00000000d7980000,0x00000000d7980000,0x00000000d8700000)
 ParOldGen       total 73728K, used 22798K [0x0000000081800000, 0x0000000086000000, 0x00000000d5d80000)
  object space 73728K, 30% used [0x0000000081800000,0x0000000082e43968,0x0000000086000000)
 Metaspace       used 22246K, capacity 22582K, committed 22960K, reserved 1069056K
  class space    used 2582K, capacity 2735K, committed 2816K, reserved 1048576K
}

